# JRE version: Java(TM) SE Runtime Environment (21.0.3+7) (build 21.0.3+7-LTS-152)
# Java VM: Java HotSpot(TM) 64-Bit Server VM (21.0.3+7-LTS-152, mixed mode, emulated-client, sharing, tiered, compressed oops, compressed class ptrs, g1 gc, windows-amd64)
GC Precious Log:
 CardTable entry size: 512
 Card Set container configuration: InlinePtr #cards 4 size 8 Array Of Cards #cards 16 size 48 Howl #buckets 8 coarsen threshold 3686 Howl Bitmap #cards 512 size 80 coarsen threshold 460 Card regions per heap region 1 cards per card region 4096
 CPUs: 16 total, 16 available
 Memory: 16087M
 Large Page Support: Disabled
 NUMA Support: Disabled
 Compressed Oops: Enabled (Zero based)
 Heap Region Size: 2M
 Heap Min Capacity: 8M
 Heap Initial Capacity: 252M
 Heap Max Capacity: 4022M
 Pre-touch: Disabled
 Parallel Workers: 13
 Concurrent Workers: 3
 Concurrent Refinement Workers: 13
 Periodic GC: Disabled
Heap:
 garbage-first heap   total 81920K, used 38244K [0x00000004d8600000, 0x00000005d3c00000)
  region size 2048K, 6 young (12288K), 2 survivors (4096K)
 Metaspace       used 57699K, committed 58560K, reserved 1114112K
  class space    used 7607K, committed 8000K, reserved 1048576K
GC Heap History (20 events):
Event: 1256.725 GC heap after
{Heap after GC invocations=44 (full 8):
 garbage-first heap   total 81920K, used 19888K [0x00000004d8600000, 0x00000005d3c00000)
  region size 2048K, 0 young (0K), 0 survivors (0K)
 Metaspace       used 55743K, committed 56768K, reserved 1114112K
  class space    used 7336K, committed 7744K, reserved 1048576K
}
Event: 1256.982 GC heap before
{Heap before GC invocations=44 (full 8):
 garbage-first heap   total 81920K, used 62896K [0x00000004d8600000, 0x00000005d3c00000)
  region size 2048K, 22 young (45056K), 0 survivors (0K)
 Metaspace       used 56022K, committed 56768K, reserved 1114112K
  class space    used 7390K, committed 7744K, reserved 1048576K
}
Event: 1256.985 GC heap after
{Heap after GC invocations=45 (full 8):
 garbage-first heap   total 81920K, used 24802K [0x00000004d8600000, 0x00000005d3c00000)
  region size 2048K, 3 young (6144K), 3 survivors (6144K)
 Metaspace       used 56022K, committed 56768K, reserved 1114112K
  class space    used 7390K, committed 7744K, reserved 1048576K
}
Event: 1272.734 GC heap before
{Heap before GC invocations=45 (full 8):
 garbage-first heap   total 81920K, used 59618K [0x00000004d8600000, 0x00000005d3c00000)
  region size 2048K, 21 young (43008K), 3 survivors (6144K)
 Metaspace       used 56487K, committed 57280K, reserved 1114112K
  class space    used 7466K, committed 7808K, reserved 1048576K
}
Event: 1272.778 GC heap after
{Heap after GC invocations=46 (full 9):
 garbage-first heap   total 81920K, used 23107K [0x00000004d8600000, 0x00000005d3c00000)
  region size 2048K, 0 young (0K), 0 survivors (0K)
 Metaspace       used 56330K, committed 57280K, reserved 1114112K
  class space    used 7431K, committed 7808K, reserved 1048576K
}
Event: 1273.511 GC heap before
{Heap before GC invocations=46 (full 9):
 garbage-first heap   total 81920K, used 62019K [0x00000004d8600000, 0x00000005d3c00000)
  region size 2048K, 20 young (40960K), 0 survivors (0K)
 Metaspace       used 56504K, committed 57280K, reserved 1114112K
  class space    used 7468K, committed 7808K, reserved 1048576K
}
Event: 1273.514 GC heap after
{Heap after GC invocations=47 (full 9):
 garbage-first heap   total 81920K, used 26909K [0x00000004d8600000, 0x00000005d3c00000)
  region size 2048K, 2 young (4096K), 2 survivors (4096K)
 Metaspace       used 56504K, committed 57280K, reserved 1114112K
  class space    used 7468K, committed 7808K, reserved 1048576K
}
Event: 1378.922 GC heap before
{Heap before GC invocations=47 (full 9):
 garbage-first heap   total 81920K, used 65821K [0x00000004d8600000, 0x00000005d3c00000)
  region size 2048K, 21 young (43008K), 2 survivors (4096K)
 Metaspace       used 56786K, committed 57536K, reserved 1114112K
  class space    used 7492K, committed 7808K, reserved 1048576K
}
Event: 1378.926 GC heap after
{Heap after GC invocations=48 (full 9):
 garbage-first heap   total 81920K, used 27446K [0x00000004d8600000, 0x00000005d3c00000)
  region size 2048K, 2 young (4096K), 2 survivors (4096K)
 Metaspace       used 56786K, committed 57536K, reserved 1114112K
  class space    used 7492K, committed 7808K, reserved 1048576K
}
Event: 1378.928 GC heap before
{Heap before GC invocations=48 (full 9):
 garbage-first heap   total 81920K, used 27446K [0x00000004d8600000, 0x00000005d3c00000)
  region size 2048K, 3 young (6144K), 2 survivors (4096K)
 Metaspace       used 56786K, committed 57536K, reserved 1114112K
  class space    used 7492K, committed 7808K, reserved 1048576K
}
Event: 1378.967 GC heap after
{Heap after GC invocations=49 (full 10):
 garbage-first heap   total 81920K, used 20280K [0x00000004d8600000, 0x00000005d3c00000)
  region size 2048K, 0 young (0K), 0 survivors (0K)
 Metaspace       used 56542K, committed 57536K, reserved 1114112K
  class space    used 7431K, committed 7808K, reserved 1048576K
}
Event: 1379.882 GC heap before
{Heap before GC invocations=49 (full 10):
 garbage-first heap   total 81920K, used 65336K [0x00000004d8600000, 0x00000005d3c00000)
  region size 2048K, 22 young (45056K), 0 survivors (0K)
 Metaspace       used 56822K, committed 57536K, reserved 1114112K
  class space    used 7486K, committed 7808K, reserved 1048576K
}
Event: 1379.886 GC heap after
{Heap after GC invocations=50 (full 10):
 garbage-first heap   total 81920K, used 25090K [0x00000004d8600000, 0x00000005d3c00000)
  region size 2048K, 3 young (6144K), 3 survivors (6144K)
 Metaspace       used 56822K, committed 57536K, reserved 1114112K
  class space    used 7486K, committed 7808K, reserved 1048576K
}
Event: 1382.768 GC heap before
{Heap before GC invocations=50 (full 10):
 garbage-first heap   total 81920K, used 59906K [0x00000004d8600000, 0x00000005d3c00000)
  region size 2048K, 21 young (43008K), 3 survivors (6144K)
 Metaspace       used 57293K, committed 58112K, reserved 1114112K
  class space    used 7563K, committed 7936K, reserved 1048576K
}
Event: 1382.820 GC heap after
{Heap after GC invocations=51 (full 11):
 garbage-first heap   total 81920K, used 25758K [0x00000004d8600000, 0x00000005d3c00000)
  region size 2048K, 0 young (0K), 0 survivors (0K)
 Metaspace       used 57270K, committed 58112K, reserved 1114112K
  class space    used 7560K, committed 7936K, reserved 1048576K
}
Event: 1383.700 GC heap before
{Heap before GC invocations=51 (full 11):
 garbage-first heap   total 81920K, used 64670K [0x00000004d8600000, 0x00000005d3c00000)
  region size 2048K, 20 young (40960K), 0 survivors (0K)
 Metaspace       used 57433K, committed 58240K, reserved 1114112K
  class space    used 7586K, committed 7936K, reserved 1048576K
}
Event: 1383.702 GC heap after
{Heap after GC invocations=52 (full 11):
 garbage-first heap   total 81920K, used 29499K [0x00000004d8600000, 0x00000005d3c00000)
  region size 2048K, 2 young (4096K), 2 survivors (4096K)
 Metaspace       used 57433K, committed 58240K, reserved 1114112K
  class space    used 7586K, committed 7936K, reserved 1048576K
}
Event: 1443.092 GC heap before
{Heap before GC invocations=53 (full 11):
 garbage-first heap   total 81920K, used 66363K [0x00000004d8600000, 0x00000005d3c00000)
  region size 2048K, 20 young (40960K), 2 survivors (4096K)
 Metaspace       used 57676K, committed 58496K, reserved 1114112K
  class space    used 7603K, committed 7936K, reserved 1048576K
}
Event: 1443.098 GC heap after
{Heap after GC invocations=54 (full 11):
 garbage-first heap   total 81920K, used 30922K [0x00000004d8600000, 0x00000005d3c00000)
  region size 2048K, 2 young (4096K), 2 survivors (4096K)
 Metaspace       used 57676K, committed 58496K, reserved 1114112K
  class space    used 7603K, committed 7936K, reserved 1048576K
}
Event: 1536.025 GC heap before
{Heap before GC invocations=54 (full 11):
 garbage-first heap   total 81920K, used 37066K [0x00000004d8600000, 0x00000005d3c00000)
  region size 2048K, 6 young (12288K), 2 survivors (4096K)
 Metaspace       used 57699K, committed 58560K, reserved 1114112K
  class space    used 7607K, committed 8000K, reserved 1048576K
}

