# JRE version: Java(TM) SE Runtime Environment (21.0.3+7) (build 21.0.3+7-LTS-152)
# Java VM: Java HotSpot(TM) 64-Bit Server VM (21.0.3+7-LTS-152, mixed mode, emulated-client, sharing, tiered, compressed oops, compressed class ptrs, g1 gc, windows-amd64)
GC Precious Log:
 CardTable entry size: 512
 Card Set container configuration: InlinePtr #cards 4 size 8 Array Of Cards #cards 16 size 48 Howl #buckets 8 coarsen threshold 3686 Howl Bitmap #cards 512 size 80 coarsen threshold 460 Card regions per heap region 1 cards per card region 4096
 CPUs: 16 total, 16 available
 Memory: 16087M
 Large Page Support: Disabled
 NUMA Support: Disabled
 Compressed Oops: Enabled (Zero based)
 Heap Region Size: 2M
 Heap Min Capacity: 8M
 Heap Initial Capacity: 252M
 Heap Max Capacity: 4022M
 Pre-touch: Disabled
 Parallel Workers: 13
 Concurrent Workers: 3
 Concurrent Refinement Workers: 13
 Periodic GC: Disabled
Heap:
 garbage-first heap   total 102400K, used 82676K [0x0000000704a00000, 0x0000000800000000)
  region size 2048K, 25 young (51200K), 2 survivors (4096K)
 Metaspace       used 75012K, committed 75840K, reserved 1179648K
  class space    used 9018K, committed 9408K, reserved 1048576K
GC Heap History (20 events):
Event: 672.460 GC heap after
{Heap after GC invocations=46 (full 5):
 garbage-first heap   total 102400K, used 33281K [0x0000000704a00000, 0x0000000800000000)
  region size 2048K, 2 young (4096K), 2 survivors (4096K)
 Metaspace       used 70204K, committed 70976K, reserved 1114112K
  class space    used 8642K, committed 9024K, reserved 1048576K
}
Event: 672.675 GC heap before
{Heap before GC invocations=46 (full 5):
 garbage-first heap   total 102400K, used 84481K [0x0000000704a00000, 0x0000000800000000)
  region size 2048K, 27 young (55296K), 2 survivors (4096K)
 Metaspace       used 70256K, committed 71040K, reserved 1114112K
  class space    used 8648K, committed 9024K, reserved 1048576K
}
Event: 672.678 GC heap after
{Heap after GC invocations=47 (full 5):
 garbage-first heap   total 102400K, used 35040K [0x0000000704a00000, 0x0000000800000000)
  region size 2048K, 2 young (4096K), 2 survivors (4096K)
 Metaspace       used 70256K, committed 71040K, reserved 1114112K
  class space    used 8648K, committed 9024K, reserved 1048576K
}
Event: 687.482 GC heap before
{Heap before GC invocations=47 (full 5):
 garbage-first heap   total 102400K, used 49376K [0x0000000704a00000, 0x0000000800000000)
  region size 2048K, 10 young (20480K), 2 survivors (4096K)
 Metaspace       used 70303K, committed 71104K, reserved 1114112K
  class space    used 8649K, committed 9024K, reserved 1048576K
}
Event: 687.514 GC heap after
{Heap after GC invocations=48 (full 6):
 garbage-first heap   total 102400K, used 26590K [0x0000000704a00000, 0x0000000800000000)
  region size 2048K, 0 young (0K), 0 survivors (0K)
 Metaspace       used 69963K, committed 71104K, reserved 1114112K
  class space    used 8575K, committed 9024K, reserved 1048576K
}
Event: 687.843 GC heap before
{Heap before GC invocations=48 (full 6):
 garbage-first heap   total 102400K, used 88030K [0x0000000704a00000, 0x0000000800000000)
  region size 2048K, 30 young (61440K), 0 survivors (0K)
 Metaspace       used 70705K, committed 71488K, reserved 1114112K
  class space    used 8648K, committed 9024K, reserved 1048576K
}
Event: 687.846 GC heap after
{Heap after GC invocations=49 (full 6):
 garbage-first heap   total 102400K, used 31844K [0x0000000704a00000, 0x0000000800000000)
  region size 2048K, 3 young (6144K), 3 survivors (6144K)
 Metaspace       used 70705K, committed 71488K, reserved 1114112K
  class space    used 8648K, committed 9024K, reserved 1048576K
}
Event: 688.308 GC heap before
{Heap before GC invocations=49 (full 6):
 garbage-first heap   total 102400K, used 85092K [0x0000000704a00000, 0x0000000800000000)
  region size 2048K, 29 young (59392K), 3 survivors (6144K)
 Metaspace       used 72430K, committed 73088K, reserved 1114112K
  class space    used 8786K, committed 9088K, reserved 1048576K
}
Event: 688.312 GC heap after
{Heap after GC invocations=50 (full 6):
 garbage-first heap   total 102400K, used 33581K [0x0000000704a00000, 0x0000000800000000)
  region size 2048K, 1 young (2048K), 1 survivors (2048K)
 Metaspace       used 72430K, committed 73088K, reserved 1114112K
  class space    used 8786K, committed 9088K, reserved 1048576K
}
Event: 688.550 GC heap before
{Heap before GC invocations=50 (full 6):
 garbage-first heap   total 102400K, used 88877K [0x0000000704a00000, 0x0000000800000000)
  region size 2048K, 28 young (57344K), 1 survivors (2048K)
 Metaspace       used 72482K, committed 73152K, reserved 1114112K
  class space    used 8793K, committed 9088K, reserved 1048576K
}
Event: 688.552 GC heap after
{Heap after GC invocations=51 (full 6):
 garbage-first heap   total 102400K, used 35716K [0x0000000704a00000, 0x0000000800000000)
  region size 2048K, 3 young (6144K), 3 survivors (6144K)
 Metaspace       used 72482K, committed 73152K, reserved 1114112K
  class space    used 8793K, committed 9088K, reserved 1048576K
}
Event: 811.284 GC heap before
{Heap before GC invocations=51 (full 6):
 garbage-first heap   total 102400K, used 76676K [0x0000000704a00000, 0x0000000800000000)
  region size 2048K, 24 young (49152K), 3 survivors (6144K)
 Metaspace       used 72497K, committed 73216K, reserved 1114112K
  class space    used 8796K, committed 9152K, reserved 1048576K
}
Event: 811.313 GC heap after
{Heap after GC invocations=52 (full 7):
 garbage-first heap   total 102400K, used 27596K [0x0000000704a00000, 0x0000000800000000)
  region size 2048K, 0 young (0K), 0 survivors (0K)
 Metaspace       used 72362K, committed 73216K, reserved 1114112K
  class space    used 8775K, committed 9152K, reserved 1048576K
}
Event: 811.649 GC heap before
{Heap before GC invocations=52 (full 7):
 garbage-first heap   total 102400K, used 86988K [0x0000000704a00000, 0x0000000800000000)
  region size 2048K, 30 young (61440K), 0 survivors (0K)
 Metaspace       used 73107K, committed 73792K, reserved 1114112K
  class space    used 8853K, committed 9152K, reserved 1048576K
}
Event: 811.652 GC heap after
{Heap after GC invocations=53 (full 7):
 garbage-first heap   total 102400K, used 33126K [0x0000000704a00000, 0x0000000800000000)
  region size 2048K, 3 young (6144K), 3 survivors (6144K)
 Metaspace       used 73107K, committed 73792K, reserved 1114112K
  class space    used 8853K, committed 9152K, reserved 1048576K
}
Event: 811.875 GC heap before
{Heap before GC invocations=53 (full 7):
 garbage-first heap   total 102400K, used 86374K [0x0000000704a00000, 0x0000000800000000)
  region size 2048K, 29 young (59392K), 3 survivors (6144K)
 Metaspace       used 74827K, committed 75520K, reserved 1179648K
  class space    used 8979K, committed 9280K, reserved 1048576K
}
Event: 811.879 GC heap after
{Heap after GC invocations=54 (full 7):
 garbage-first heap   total 102400K, used 34766K [0x0000000704a00000, 0x0000000800000000)
  region size 2048K, 2 young (4096K), 2 survivors (4096K)
 Metaspace       used 74827K, committed 75520K, reserved 1179648K
  class space    used 8979K, committed 9280K, reserved 1048576K
}
Event: 812.092 GC heap before
{Heap before GC invocations=54 (full 7):
 garbage-first heap   total 102400K, used 85966K [0x0000000704a00000, 0x0000000800000000)
  region size 2048K, 27 young (55296K), 2 survivors (4096K)
 Metaspace       used 74878K, committed 75648K, reserved 1179648K
  class space    used 8986K, committed 9344K, reserved 1048576K
}
Event: 812.095 GC heap after
{Heap after GC invocations=55 (full 7):
 garbage-first heap   total 102400K, used 36579K [0x0000000704a00000, 0x0000000800000000)
  region size 2048K, 2 young (4096K), 2 survivors (4096K)
 Metaspace       used 74878K, committed 75648K, reserved 1179648K
  class space    used 8986K, committed 9344K, reserved 1048576K
}
Event: 962.857 GC heap before
{Heap before GC invocations=55 (full 7):
 garbage-first heap   total 102400K, used 81635K [0x0000000704a00000, 0x0000000800000000)
  region size 2048K, 25 young (51200K), 2 survivors (4096K)
 Metaspace       used 75012K, committed 75840K, reserved 1179648K
  class space    used 9018K, committed 9408K, reserved 1048576K
}

